Using pre-set license
Built from '2020.3/release' branch; Version is '2020.3.12f1 (b3b2c6512326) revision 11776710'; Using compiler version '192528614'; Build Type 'Release'
OS: 'Windows 10 Pro; OS build 19043.1165; Version 2009; 64bit' Language: 'en' Physical Memory: 16326 MB
BatchMode: 1, IsHumanControllingUs: 0, StartBugReporterOnCrash: 0, Is64bit: 1, IsPro: 0

 COMMAND LINE ARGUMENTS:
C:\Program Files\Unity\Hub\Editor\2020.3.12f1\Editor\Unity.exe
-adb2
-batchMode
-noUpm
-name
AssetImportWorker0
-projectPath
D:/Unity Projects/Numbers
-logFile
Logs/AssetImportWorker0.log
-srvPort
63728
Successfully changed project path to: D:/Unity Projects/Numbers
D:/Unity Projects/Numbers
Using Asset Import Pipeline V2.
Refreshing native plugins compatible for Editor in 39.73 ms, found 3 plugins.
Preloading 0 native plugins for Editor in 0.00 ms.
Initialize engine version: 2020.3.12f1 (b3b2c6512326)
[Subsystems] Discovering subsystems at path C:/Program Files/Unity/Hub/Editor/2020.3.12f1/Editor/Data/Resources/UnitySubsystems
[Subsystems] Discovering subsystems at path D:/Unity Projects/Numbers/Assets
GfxDevice: creating device client; threaded=0
Direct3D:
    Version:  Direct3D 11.0 [level 11.1]
    Renderer: NVIDIA GeForce GTX 1660 Ti (ID=0x2182)
    Vendor:   
    VRAM:     5991 MB
    Driver:   27.21.14.6079
Initialize mono
Mono path[0] = 'C:/Program Files/Unity/Hub/Editor/2020.3.12f1/Editor/Data/Managed'
Mono path[1] = 'C:/Program Files/Unity/Hub/Editor/2020.3.12f1/Editor/Data/MonoBleedingEdge/lib/mono/unityjit'
Mono config path = 'C:/Program Files/Unity/Hub/Editor/2020.3.12f1/Editor/Data/MonoBleedingEdge/etc'
Using monoOptions --debugger-agent=transport=dt_socket,embedding=1,server=y,suspend=n,address=127.0.0.1:56632
Begin MonoManager ReloadAssembly
Registering precompiled unity dll's ...
Register platform support module: C:/Program Files/Unity/Hub/Editor/2020.3.12f1/Editor/Data/PlaybackEngines/WindowsStandaloneSupport/UnityEditor.WindowsStandalone.Extensions.dll
Registered in 0.002339 seconds.
Native extension for WindowsStandalone target not found
Refreshing native plugins compatible for Editor in 38.69 ms, found 3 plugins.
Preloading 0 native plugins for Editor in 0.00 ms.
Mono: successfully reloaded assembly
- Completed reload, in  2.160 seconds
Platform modules already initialized, skipping
Registering precompiled user dll's ...
Registered in 0.006031 seconds.
Begin MonoManager ReloadAssembly
Native extension for WindowsStandalone target not found
Refreshing native plugins compatible for Editor in 43.17 ms, found 3 plugins.
Preloading 0 native plugins for Editor in 0.00 ms.
Mono: successfully reloaded assembly
- Completed reload, in  1.217 seconds
Platform modules already initialized, skipping
========================================================================
Worker process is ready to serve import requests
Launched and connected shader compiler UnityShaderCompiler.exe after 0.05 seconds
Refreshing native plugins compatible for Editor in 0.39 ms, found 3 plugins.
Preloading 0 native plugins for Editor in 0.00 ms.
Unloading 2100 Unused Serialized files (Serialized files now loaded: 0)
System memory in use before: 95.1 MB.
System memory in use after: 95.1 MB.

Unloading 33 unused Assets to reduce memory usage. Loaded Objects now: 2533.
Total: 2.212300 ms (FindLiveObjects: 0.185000 ms CreateObjectMapping: 0.142000 ms MarkObjects: 1.757800 ms  DeleteObjects: 0.126400 ms)

AssetImportParameters requested are different than current active one (requested -> active):
  custom:framework-win-MediaFoundation: 216162199b28c13a410421893ffa2e32 -> 
  custom:video-decoder-ogg-theora: a1e56fd34408186e4bbccfd4996cb3dc -> 
  custom:container-muxer-webm: aa71ff27fc2769a1b78a27578f13a17b -> 
  custom:container-demuxer-webm: 4f35f7cbe854078d1ac9338744f61a02 -> 
  custom:container-demuxer-ogg: 62fdf1f143b41e24485cea50d1cbac27 -> 
  custom:video-encoder-webm-vp8: eb34c28f22e8b96e1ab97ce403110664 -> 
  custom:video-decoder-webm-vp8: 9c59270c3fd7afecdb556c50c9e8de78 -> 
  custom:audio-decoder-ogg-vorbis: bf7c407c2cedff20999df2af8eb42d56 -> 
  custom:audio-encoder-webm-vorbis: bf7c407c2cedff20999df2af8eb42d56 -> 
========================================================================
Received Import Request.
  path: Assets/Scripts/GameManager.cs
  artifactKey: Guid(69eab6f142bcae04ca1579c44adef64b) Importer(815301076,1909f56bfc062723c751e8b465ee728b)
Start importing Assets/Scripts/GameManager.cs using Guid(69eab6f142bcae04ca1579c44adef64b) Importer(815301076,1909f56bfc062723c751e8b465ee728b)  -> (artifact id: '91328af03a08f3ac813291b33b71240a') in 0.046108 seconds 
  Import took 0.048952 seconds .

========================================================================
Received Import Request.
  Time since last request: 0.000274 seconds.
  path: Assets/Scripts/NumberCube.cs
  artifactKey: Guid(b1298533c4d9b1847be4e07f53e3d7b2) Importer(815301076,1909f56bfc062723c751e8b465ee728b)
Start importing Assets/Scripts/NumberCube.cs using Guid(b1298533c4d9b1847be4e07f53e3d7b2) Importer(815301076,1909f56bfc062723c751e8b465ee728b)  -> (artifact id: '2a76369755ace7c3de6118032fb4f3a9') in 0.001598 seconds 
  Import took 0.004135 seconds .

========================================================================
Received Import Request.
  Time since last request: 28.411593 seconds.
  path: Assets/Prefabs/OneNumberCube.prefab
  artifactKey: Guid(c6a93cf1cacc75f4d862b8ec69dc8b77) Importer(815301076,1909f56bfc062723c751e8b465ee728b)
Start importing Assets/Prefabs/OneNumberCube.prefab using Guid(c6a93cf1cacc75f4d862b8ec69dc8b77) Importer(815301076,1909f56bfc062723c751e8b465ee728b)  -> (artifact id: 'f91bb497f1e362039f887574b9d75418') in 0.143482 seconds 
  Import took 0.146610 seconds .

========================================================================
Received Import Request.
  Time since last request: 0.000273 seconds.
  path: Assets/Prefabs/ThreeNumberCube.prefab
  artifactKey: Guid(95bd0ac4457d4674bbd65e69b7e12e21) Importer(815301076,1909f56bfc062723c751e8b465ee728b)
Start importing Assets/Prefabs/ThreeNumberCube.prefab using Guid(95bd0ac4457d4674bbd65e69b7e12e21) Importer(815301076,1909f56bfc062723c751e8b465ee728b)  -> (artifact id: '46168b7bd567b4ee8cf5807e43913a20') in 0.058912 seconds 
  Import took 0.061844 seconds .

========================================================================
Received Import Request.
  Time since last request: 0.000271 seconds.
  path: Assets/Prefabs/TwoNumberCube.prefab
  artifactKey: Guid(42d802605bc82fc46b42e320c0bc15f3) Importer(815301076,1909f56bfc062723c751e8b465ee728b)
Start importing Assets/Prefabs/TwoNumberCube.prefab using Guid(42d802605bc82fc46b42e320c0bc15f3) Importer(815301076,1909f56bfc062723c751e8b465ee728b)  -> (artifact id: 'e87d32433f411d60e9e84635a3305e9d') in 0.028540 seconds 
  Import took 0.031687 seconds .

========================================================================
Received Import Request.
  Time since last request: 560.824634 seconds.
  path: Assets/Sprites/Cubes
  artifactKey: Guid(fed8e361a980d814480867b73a115699) Importer(815301076,1909f56bfc062723c751e8b465ee728b)
Start importing Assets/Sprites/Cubes using Guid(fed8e361a980d814480867b73a115699) Importer(815301076,1909f56bfc062723c751e8b465ee728b)  -> (artifact id: '0bb31403ed70add68ad5d6f04fb43246') in 0.002935 seconds 
  Import took 0.028858 seconds .

========================================================================
Received Import Request.
  Time since last request: 31.976810 seconds.
  path: Assets/Sprites/Cubes/3D
  artifactKey: Guid(445b365d84ed3ad4c9da9195d2aae4eb) Importer(815301076,1909f56bfc062723c751e8b465ee728b)
Start importing Assets/Sprites/Cubes/3D using Guid(445b365d84ed3ad4c9da9195d2aae4eb) Importer(815301076,1909f56bfc062723c751e8b465ee728b)  -> (artifact id: 'a1c1b17aab7bb2c0e18fddbe74612d29') in 0.003147 seconds 
  Import took 0.006338 seconds .

========================================================================
Received Import Request.
  Time since last request: 8.285772 seconds.
  path: Assets/Sprites/Cubes/3D/Cube_Black.psd
  artifactKey: Guid(5cbf1f710cde6fa46a87770c526432a0) Importer(815301076,1909f56bfc062723c751e8b465ee728b)
Start importing Assets/Sprites/Cubes/3D/Cube_Black.psd using Guid(5cbf1f710cde6fa46a87770c526432a0) Importer(815301076,1909f56bfc062723c751e8b465ee728b)  -> (artifact id: '6a69bb68577e98e62a34429f4a714c24') in 0.028921 seconds 
  Import took 0.032057 seconds .

========================================================================
Received Import Request.
  Time since last request: 0.000246 seconds.
  path: Assets/Sprites/Cubes/3D/Cube_LightBlue.psd
  artifactKey: Guid(76556886649bbca4dba5118f1c87ef9d) Importer(815301076,1909f56bfc062723c751e8b465ee728b)
Start importing Assets/Sprites/Cubes/3D/Cube_LightBlue.psd using Guid(76556886649bbca4dba5118f1c87ef9d) Importer(815301076,1909f56bfc062723c751e8b465ee728b)  -> (artifact id: '380f02452d74cac4f879910d895bd159') in 0.008802 seconds 
  Import took 0.011750 seconds .

========================================================================
Received Import Request.
  Time since last request: 0.000290 seconds.
  path: Assets/Sprites/Cubes/3D/Cube_Yellow.psd
  artifactKey: Guid(b50cbb18d991a4d47a1bc78dc269d425) Importer(815301076,1909f56bfc062723c751e8b465ee728b)
Start importing Assets/Sprites/Cubes/3D/Cube_Yellow.psd using Guid(b50cbb18d991a4d47a1bc78dc269d425) Importer(815301076,1909f56bfc062723c751e8b465ee728b)  -> (artifact id: '5eba22ef9a4747c2ec9bd48a4e68b7d4') in 0.031738 seconds 
  Import took 0.034765 seconds .

========================================================================
Received Import Request.
  Time since last request: 0.000417 seconds.
  path: Assets/Sprites/Cubes/3D/Cube_Purple.psd
  artifactKey: Guid(7ddcabd716ecf9f41abe431e96a1f541) Importer(815301076,1909f56bfc062723c751e8b465ee728b)
Start importing Assets/Sprites/Cubes/3D/Cube_Purple.psd using Guid(7ddcabd716ecf9f41abe431e96a1f541) Importer(815301076,1909f56bfc062723c751e8b465ee728b)  -> (artifact id: 'def6e29a7f2dab805d0cabca39060885') in 0.008351 seconds 
  Import took 0.011393 seconds .

========================================================================
Received Import Request.
  Time since last request: 0.000239 seconds.
  path: Assets/Sprites/Cubes/3D/Cube_Green.psd
  artifactKey: Guid(dbee1a7cfef4b2348b8eac602f652d0d) Importer(815301076,1909f56bfc062723c751e8b465ee728b)
Start importing Assets/Sprites/Cubes/3D/Cube_Green.psd using Guid(dbee1a7cfef4b2348b8eac602f652d0d) Importer(815301076,1909f56bfc062723c751e8b465ee728b)  -> (artifact id: '57d969e70d2568e4320b27fcc9832179') in 0.010851 seconds 
  Import took 0.013842 seconds .

========================================================================
Received Import Request.
  Time since last request: 0.000282 seconds.
  path: Assets/Sprites/Cubes/3D/Cube_LightPurple.psd
  artifactKey: Guid(65c9a5abf4e93b34a99b961d5935d92b) Importer(815301076,1909f56bfc062723c751e8b465ee728b)
Start importing Assets/Sprites/Cubes/3D/Cube_LightPurple.psd using Guid(65c9a5abf4e93b34a99b961d5935d92b) Importer(815301076,1909f56bfc062723c751e8b465ee728b)  -> (artifact id: '252469c224238eb10de402c6992f029e') in 0.006940 seconds 
  Import took 0.010216 seconds .

========================================================================
Received Import Request.
  Time since last request: 0.000295 seconds.
  path: Assets/Sprites/Cubes/3D/Cube_DarkPurple.psd
  artifactKey: Guid(33f162294be7a614281a11b558fe93ee) Importer(815301076,1909f56bfc062723c751e8b465ee728b)
Start importing Assets/Sprites/Cubes/3D/Cube_DarkPurple.psd using Guid(33f162294be7a614281a11b558fe93ee) Importer(815301076,1909f56bfc062723c751e8b465ee728b)  -> (artifact id: '4667e53e0b3560c305c26b406e8a2eb2') in 0.007694 seconds 
  Import took 0.010714 seconds .

========================================================================
Received Import Request.
  Time since last request: 0.000309 seconds.
  path: Assets/Sprites/Cubes/3D/Cube_DarkBlue.psd
  artifactKey: Guid(17218d41264b18442b5acf1781746583) Importer(815301076,1909f56bfc062723c751e8b465ee728b)
Start importing Assets/Sprites/Cubes/3D/Cube_DarkBlue.psd using Guid(17218d41264b18442b5acf1781746583) Importer(815301076,1909f56bfc062723c751e8b465ee728b)  -> (artifact id: '146e14c3fe998bc939e57662482f64df') in 0.007783 seconds 
  Import took 0.010902 seconds .

========================================================================
Received Import Request.
  Time since last request: 0.000262 seconds.
  path: Assets/Sprites/Cubes/3D/Cube_Red.psd
  artifactKey: Guid(37665eaa32c489b418e32756dc2b7c02) Importer(815301076,1909f56bfc062723c751e8b465ee728b)
Start importing Assets/Sprites/Cubes/3D/Cube_Red.psd using Guid(37665eaa32c489b418e32756dc2b7c02) Importer(815301076,1909f56bfc062723c751e8b465ee728b)  -> (artifact id: '4cbf966b0d17f46e14228062fd485107') in 0.007497 seconds 
  Import took 0.023032 seconds .

========================================================================
Received Import Request.
  Time since last request: 0.000331 seconds.
  path: Assets/Sprites/Cubes/3D/Cube_Grey.psd
  artifactKey: Guid(1b67aff92ad7f684ea48fe392d525b34) Importer(815301076,1909f56bfc062723c751e8b465ee728b)
Start importing Assets/Sprites/Cubes/3D/Cube_Grey.psd using Guid(1b67aff92ad7f684ea48fe392d525b34) Importer(815301076,1909f56bfc062723c751e8b465ee728b)  -> (artifact id: '337c882d7dc6567582a0d6dcf53d0f1b') in 0.007577 seconds 
  Import took 0.010791 seconds .

========================================================================
Received Import Request.
  Time since last request: 0.007245 seconds.
  path: Assets/Sprites/Cubes/3D/Cube_Red.psd
  artifactKey: Guid(37665eaa32c489b418e32756dc2b7c02) Importer(815301076,1909f56bfc062723c751e8b465ee728b)
Start importing Assets/Sprites/Cubes/3D/Cube_Red.psd using Guid(37665eaa32c489b418e32756dc2b7c02) Importer(815301076,1909f56bfc062723c751e8b465ee728b)  -> (artifact id: '4cbf966b0d17f46e14228062fd485107') in 0.006529 seconds 
  Import took 0.009743 seconds .

========================================================================
Received Import Request.
  Time since last request: 23.634532 seconds.
  path: Assets/Sprites/Cubes/3D/Cube_Black.psd
  artifactKey: Guid(5cbf1f710cde6fa46a87770c526432a0) Importer(815301076,1909f56bfc062723c751e8b465ee728b)
Start importing Assets/Sprites/Cubes/3D/Cube_Black.psd using Guid(5cbf1f710cde6fa46a87770c526432a0) Importer(815301076,1909f56bfc062723c751e8b465ee728b)  -> (artifact id: '48623e9272b8c5a454a4a422ef58b063') in 0.006664 seconds 
  Import took 0.009882 seconds .

========================================================================
Received Import Request.
  Time since last request: 0.000291 seconds.
  path: Assets/Sprites/Cubes/3D/Cube_LightBlue.psd
  artifactKey: Guid(76556886649bbca4dba5118f1c87ef9d) Importer(815301076,1909f56bfc062723c751e8b465ee728b)
Start importing Assets/Sprites/Cubes/3D/Cube_LightBlue.psd using Guid(76556886649bbca4dba5118f1c87ef9d) Importer(815301076,1909f56bfc062723c751e8b465ee728b)  -> (artifact id: '045945a7e188692cae68b3615076a542') in 0.007334 seconds 
  Import took 0.010256 seconds .

========================================================================
Received Import Request.
  Time since last request: 0.000482 seconds.
  path: Assets/Sprites/Cubes/3D/Cube_Yellow.psd
  artifactKey: Guid(b50cbb18d991a4d47a1bc78dc269d425) Importer(815301076,1909f56bfc062723c751e8b465ee728b)
Start importing Assets/Sprites/Cubes/3D/Cube_Yellow.psd using Guid(b50cbb18d991a4d47a1bc78dc269d425) Importer(815301076,1909f56bfc062723c751e8b465ee728b)  -> (artifact id: 'aa87854c3e3a47e8fa22951ef0d3b98e') in 0.007213 seconds 
  Import took 0.010091 seconds .

========================================================================
Received Import Request.
  Time since last request: 0.000251 seconds.
  path: Assets/Sprites/Cubes/3D/Cube_Purple.psd
  artifactKey: Guid(7ddcabd716ecf9f41abe431e96a1f541) Importer(815301076,1909f56bfc062723c751e8b465ee728b)
Start importing Assets/Sprites/Cubes/3D/Cube_Purple.psd using Guid(7ddcabd716ecf9f41abe431e96a1f541) Importer(815301076,1909f56bfc062723c751e8b465ee728b)  -> (artifact id: 'c14adf4f577f63b89e1eedaea4efb75f') in 0.006859 seconds 
  Import took 0.009926 seconds .

========================================================================
Received Import Request.
  Time since last request: 0.000255 seconds.
  path: Assets/Sprites/Cubes/3D/Cube_Green.psd
  artifactKey: Guid(dbee1a7cfef4b2348b8eac602f652d0d) Importer(815301076,1909f56bfc062723c751e8b465ee728b)
Start importing Assets/Sprites/Cubes/3D/Cube_Green.psd using Guid(dbee1a7cfef4b2348b8eac602f652d0d) Importer(815301076,1909f56bfc062723c751e8b465ee728b)  -> (artifact id: '3086873e1c0d393bd2bfc97af7eef0ab') in 0.007125 seconds 
  Import took 0.009958 seconds .

========================================================================
Received Import Request.
  Time since last request: 0.000273 seconds.
  path: Assets/Sprites/Cubes/3D/Cube_LightPurple.psd
  artifactKey: Guid(65c9a5abf4e93b34a99b961d5935d92b) Importer(815301076,1909f56bfc062723c751e8b465ee728b)
Start importing Assets/Sprites/Cubes/3D/Cube_LightPurple.psd using Guid(65c9a5abf4e93b34a99b961d5935d92b) Importer(815301076,1909f56bfc062723c751e8b465ee728b)  -> (artifact id: 'e47f4175e942b29e5f94792fb8871b64') in 0.006408 seconds 
  Import took 0.014339 seconds .

========================================================================
Received Import Request.
  Time since last request: 0.000250 seconds.
  path: Assets/Sprites/Cubes/3D/Cube_DarkPurple.psd
  artifactKey: Guid(33f162294be7a614281a11b558fe93ee) Importer(815301076,1909f56bfc062723c751e8b465ee728b)
Start importing Assets/Sprites/Cubes/3D/Cube_DarkPurple.psd using Guid(33f162294be7a614281a11b558fe93ee) Importer(815301076,1909f56bfc062723c751e8b465ee728b)  -> (artifact id: '2ea85cd539d96186857d6c7814848219') in 0.006866 seconds 
  Import took 0.010045 seconds .

========================================================================
Received Import Request.
  Time since last request: 0.000253 seconds.
  path: Assets/Sprites/Cubes/3D/Cube_DarkBlue.psd
  artifactKey: Guid(17218d41264b18442b5acf1781746583) Importer(815301076,1909f56bfc062723c751e8b465ee728b)
Start importing Assets/Sprites/Cubes/3D/Cube_DarkBlue.psd using Guid(17218d41264b18442b5acf1781746583) Importer(815301076,1909f56bfc062723c751e8b465ee728b)  -> (artifact id: '264411aa74c4c7b3d53dc2c369919a20') in 0.007336 seconds 
  Import took 0.010179 seconds .

========================================================================
Received Import Request.
  Time since last request: 0.000248 seconds.
  path: Assets/Sprites/Cubes/3D/Cube_Red.psd
  artifactKey: Guid(37665eaa32c489b418e32756dc2b7c02) Importer(815301076,1909f56bfc062723c751e8b465ee728b)
Start importing Assets/Sprites/Cubes/3D/Cube_Red.psd using Guid(37665eaa32c489b418e32756dc2b7c02) Importer(815301076,1909f56bfc062723c751e8b465ee728b)  -> (artifact id: 'd36882ea0653b26c1d57499090169e9e') in 0.006575 seconds 
  Import took 0.015277 seconds .

========================================================================
Received Import Request.
  Time since last request: 0.000271 seconds.
  path: Assets/Sprites/Cubes/3D/Cube_Grey.psd
  artifactKey: Guid(1b67aff92ad7f684ea48fe392d525b34) Importer(815301076,1909f56bfc062723c751e8b465ee728b)
Start importing Assets/Sprites/Cubes/3D/Cube_Grey.psd using Guid(1b67aff92ad7f684ea48fe392d525b34) Importer(815301076,1909f56bfc062723c751e8b465ee728b)  -> (artifact id: '11fd38d665aad034c5b842fdfe4b1549') in 0.006863 seconds 
  Import took 0.010002 seconds .

========================================================================
Received Prepare
Registering precompiled user dll's ...
Registered in 0.004734 seconds.
Begin MonoManager ReloadAssembly
Native extension for WindowsStandalone target not found
Refreshing native plugins compatible for Editor in 0.40 ms, found 3 plugins.
Preloading 0 native plugins for Editor in 0.00 ms.
Mono: successfully reloaded assembly
- Completed reload, in  0.978 seconds
Platform modules already initialized, skipping
Switching build target platform(19) subTarget(0) extendedPlatform(0) -> platform(13) subTarget(537395200) extendedPlatform(0)
Refreshing native plugins compatible for Editor in 0.39 ms, found 3 plugins.
Preloading 0 native plugins for Editor in 0.00 ms.
Unloading 2085 Unused Serialized files (Serialized files now loaded: 0)
System memory in use before: 96.8 MB.
System memory in use after: 96.8 MB.

Unloading 21 unused Assets to reduce memory usage. Loaded Objects now: 2547.
Total: 2.031200 ms (FindLiveObjects: 0.162100 ms CreateObjectMapping: 0.081300 ms MarkObjects: 1.697300 ms  DeleteObjects: 0.089600 ms)

AssetImportParameters requested are different than current active one (requested -> active):
  custom:framework-win-MediaFoundation: 216162199b28c13a410421893ffa2e32 -> 
  custom:video-decoder-ogg-theora: a1e56fd34408186e4bbccfd4996cb3dc -> 
  custom:container-muxer-webm: aa71ff27fc2769a1b78a27578f13a17b -> 
  custom:container-demuxer-webm: 4f35f7cbe854078d1ac9338744f61a02 -> 
  custom:container-demuxer-ogg: 62fdf1f143b41e24485cea50d1cbac27 -> 
  custom:video-encoder-webm-vp8: eb34c28f22e8b96e1ab97ce403110664 -> 
  custom:video-decoder-webm-vp8: 9c59270c3fd7afecdb556c50c9e8de78 -> 
  custom:graphics/normal-map-encoding: 01000000000000000000000000000000 -> 02000000000000000000000000000000
  custom:audio-decoder-ogg-vorbis: bf7c407c2cedff20999df2af8eb42d56 -> 
  custom:audio-encoder-webm-vorbis: bf7c407c2cedff20999df2af8eb42d56 -> 
========================================================================
Received Prepare
Registering precompiled user dll's ...
Registered in 0.004650 seconds.
Begin MonoManager ReloadAssembly
Native extension for WindowsStandalone target not found
Refreshing native plugins compatible for Editor in 0.40 ms, found 3 plugins.
Preloading 0 native plugins for Editor in 0.00 ms.
Mono: successfully reloaded assembly
- Completed reload, in  0.971 seconds
Platform modules already initialized, skipping
Switching build target platform(19) subTarget(0) extendedPlatform(0) -> platform(13) subTarget(537395200) extendedPlatform(0)
Refreshing native plugins compatible for Editor in 0.40 ms, found 3 plugins.
Preloading 0 native plugins for Editor in 0.00 ms.
Unloading 2085 Unused Serialized files (Serialized files now loaded: 0)
System memory in use before: 96.9 MB.
System memory in use after: 96.8 MB.

Unloading 21 unused Assets to reduce memory usage. Loaded Objects now: 2551.
Total: 2.015800 ms (FindLiveObjects: 0.147500 ms CreateObjectMapping: 0.059800 ms MarkObjects: 1.718500 ms  DeleteObjects: 0.089200 ms)

AssetImportParameters requested are different than current active one (requested -> active):
  custom:framework-win-MediaFoundation: 216162199b28c13a410421893ffa2e32 -> 
  custom:video-decoder-ogg-theora: a1e56fd34408186e4bbccfd4996cb3dc -> 
  custom:container-muxer-webm: aa71ff27fc2769a1b78a27578f13a17b -> 
  custom:container-demuxer-webm: 4f35f7cbe854078d1ac9338744f61a02 -> 
  custom:container-demuxer-ogg: 62fdf1f143b41e24485cea50d1cbac27 -> 
  custom:video-encoder-webm-vp8: eb34c28f22e8b96e1ab97ce403110664 -> 
  custom:video-decoder-webm-vp8: 9c59270c3fd7afecdb556c50c9e8de78 -> 
  custom:graphics/normal-map-encoding: 01000000000000000000000000000000 -> 02000000000000000000000000000000
  custom:audio-decoder-ogg-vorbis: bf7c407c2cedff20999df2af8eb42d56 -> 
  custom:audio-encoder-webm-vorbis: bf7c407c2cedff20999df2af8eb42d56 -> 
========================================================================
Received Prepare
Registering precompiled user dll's ...
Registered in 0.004726 seconds.
Begin MonoManager ReloadAssembly
Native extension for WindowsStandalone target not found
Refreshing native plugins compatible for Editor in 0.41 ms, found 3 plugins.
Preloading 0 native plugins for Editor in 0.00 ms.
Mono: successfully reloaded assembly
- Completed reload, in  0.993 seconds
Platform modules already initialized, skipping
Switching build target platform(19) subTarget(0) extendedPlatform(0) -> platform(13) subTarget(537395200) extendedPlatform(0)
Refreshing native plugins compatible for Editor in 0.41 ms, found 3 plugins.
Preloading 0 native plugins for Editor in 0.00 ms.
Unloading 2085 Unused Serialized files (Serialized files now loaded: 0)
System memory in use before: 96.9 MB.
System memory in use after: 96.9 MB.

Unloading 21 unused Assets to reduce memory usage. Loaded Objects now: 2555.
Total: 2.103000 ms (FindLiveObjects: 0.174400 ms CreateObjectMapping: 0.076000 ms MarkObjects: 1.759300 ms  DeleteObjects: 0.092500 ms)

AssetImportParameters requested are different than current active one (requested -> active):
  custom:framework-win-MediaFoundation: 216162199b28c13a410421893ffa2e32 -> 
  custom:video-decoder-ogg-theora: a1e56fd34408186e4bbccfd4996cb3dc -> 
  custom:container-muxer-webm: aa71ff27fc2769a1b78a27578f13a17b -> 
  custom:container-demuxer-webm: 4f35f7cbe854078d1ac9338744f61a02 -> 
  custom:container-demuxer-ogg: 62fdf1f143b41e24485cea50d1cbac27 -> 
  custom:video-encoder-webm-vp8: eb34c28f22e8b96e1ab97ce403110664 -> 
  custom:video-decoder-webm-vp8: 9c59270c3fd7afecdb556c50c9e8de78 -> 
  custom:graphics/normal-map-encoding: 01000000000000000000000000000000 -> 02000000000000000000000000000000
  custom:audio-decoder-ogg-vorbis: bf7c407c2cedff20999df2af8eb42d56 -> 
  custom:audio-encoder-webm-vorbis: bf7c407c2cedff20999df2af8eb42d56 -> 
========================================================================
Received Prepare
Registering precompiled user dll's ...
Registered in 0.004713 seconds.
Begin MonoManager ReloadAssembly
Native extension for WindowsStandalone target not found
Refreshing native plugins compatible for Editor in 0.41 ms, found 3 plugins.
Preloading 0 native plugins for Editor in 0.00 ms.
Mono: successfully reloaded assembly
- Completed reload, in  0.981 seconds
Platform modules already initialized, skipping
Switching build target platform(19) subTarget(0) extendedPlatform(0) -> platform(13) subTarget(537395200) extendedPlatform(0)
Refreshing native plugins compatible for Editor in 0.40 ms, found 3 plugins.
Preloading 0 native plugins for Editor in 0.00 ms.
Unloading 2085 Unused Serialized files (Serialized files now loaded: 0)
System memory in use before: 96.9 MB.
System memory in use after: 96.9 MB.

Unloading 21 unused Assets to reduce memory usage. Loaded Objects now: 2559.
Total: 1.958600 ms (FindLiveObjects: 0.155400 ms CreateObjectMapping: 0.064200 ms MarkObjects: 1.646700 ms  DeleteObjects: 0.091500 ms)

AssetImportParameters requested are different than current active one (requested -> active):
  custom:framework-win-MediaFoundation: 216162199b28c13a410421893ffa2e32 -> 
  custom:video-decoder-ogg-theora: a1e56fd34408186e4bbccfd4996cb3dc -> 
  custom:container-muxer-webm: aa71ff27fc2769a1b78a27578f13a17b -> 
  custom:container-demuxer-webm: 4f35f7cbe854078d1ac9338744f61a02 -> 
  custom:container-demuxer-ogg: 62fdf1f143b41e24485cea50d1cbac27 -> 
  custom:video-encoder-webm-vp8: eb34c28f22e8b96e1ab97ce403110664 -> 
  custom:video-decoder-webm-vp8: 9c59270c3fd7afecdb556c50c9e8de78 -> 
  custom:graphics/normal-map-encoding: 01000000000000000000000000000000 -> 02000000000000000000000000000000
  custom:audio-decoder-ogg-vorbis: bf7c407c2cedff20999df2af8eb42d56 -> 
  custom:audio-encoder-webm-vorbis: bf7c407c2cedff20999df2af8eb42d56 -> 
========================================================================
Received Prepare
Registering precompiled user dll's ...
Registered in 0.004779 seconds.
Begin MonoManager ReloadAssembly
Native extension for WindowsStandalone target not found
Refreshing native plugins compatible for Editor in 0.39 ms, found 3 plugins.
Preloading 0 native plugins for Editor in 0.00 ms.
Mono: successfully reloaded assembly
- Completed reload, in  0.984 seconds
Platform modules already initialized, skipping
Switching build target platform(19) subTarget(0) extendedPlatform(0) -> platform(13) subTarget(537395200) extendedPlatform(0)
Refreshing native plugins compatible for Editor in 0.43 ms, found 3 plugins.
Preloading 0 native plugins for Editor in 0.00 ms.
Unloading 2085 Unused Serialized files (Serialized files now loaded: 0)
System memory in use before: 96.9 MB.
System memory in use after: 96.9 MB.

Unloading 21 unused Assets to reduce memory usage. Loaded Objects now: 2563.
Total: 1.940700 ms (FindLiveObjects: 0.157600 ms CreateObjectMapping: 0.064700 ms MarkObjects: 1.629000 ms  DeleteObjects: 0.088700 ms)

AssetImportParameters requested are different than current active one (requested -> active):
  custom:framework-win-MediaFoundation: 216162199b28c13a410421893ffa2e32 -> 
  custom:video-decoder-ogg-theora: a1e56fd34408186e4bbccfd4996cb3dc -> 
  custom:container-muxer-webm: aa71ff27fc2769a1b78a27578f13a17b -> 
  custom:container-demuxer-webm: 4f35f7cbe854078d1ac9338744f61a02 -> 
  custom:container-demuxer-ogg: 62fdf1f143b41e24485cea50d1cbac27 -> 
  custom:video-encoder-webm-vp8: eb34c28f22e8b96e1ab97ce403110664 -> 
  custom:video-decoder-webm-vp8: 9c59270c3fd7afecdb556c50c9e8de78 -> 
  custom:graphics/normal-map-encoding: 01000000000000000000000000000000 -> 02000000000000000000000000000000
  custom:audio-decoder-ogg-vorbis: bf7c407c2cedff20999df2af8eb42d56 -> 
  custom:audio-encoder-webm-vorbis: bf7c407c2cedff20999df2af8eb42d56 -> 
========================================================================
Received Import Request.
  Time since last request: 455.624666 seconds.
  path: Assets/Prefabs/OneNumberCube.prefab
  artifactKey: Guid(c6a93cf1cacc75f4d862b8ec69dc8b77) Importer(815301076,1909f56bfc062723c751e8b465ee728b)
Start importing Assets/Prefabs/OneNumberCube.prefab using Guid(c6a93cf1cacc75f4d862b8ec69dc8b77) Importer(815301076,1909f56bfc062723c751e8b465ee728b)  -> (artifact id: '04914b5547dba31b05d6094c56a5590f') in 0.115922 seconds 
  Import took 0.119124 seconds .

========================================================================
Received Import Request.
  Time since last request: 9.661522 seconds.
  path: Assets/Prefabs/ThreeNumberCube.prefab
  artifactKey: Guid(95bd0ac4457d4674bbd65e69b7e12e21) Importer(815301076,1909f56bfc062723c751e8b465ee728b)
Start importing Assets/Prefabs/ThreeNumberCube.prefab using Guid(95bd0ac4457d4674bbd65e69b7e12e21) Importer(815301076,1909f56bfc062723c751e8b465ee728b)  -> (artifact id: '39594b0f4dcaae98c60496dcc5cc766a') in 0.051234 seconds 
  Import took 0.054402 seconds .

========================================================================
Received Import Request.
  Time since last request: 4.025043 seconds.
  path: Assets/Prefabs/ThreeNumberCube.prefab
  artifactKey: Guid(95bd0ac4457d4674bbd65e69b7e12e21) Importer(815301076,1909f56bfc062723c751e8b465ee728b)
Start importing Assets/Prefabs/ThreeNumberCube.prefab using Guid(95bd0ac4457d4674bbd65e69b7e12e21) Importer(815301076,1909f56bfc062723c751e8b465ee728b)  -> (artifact id: '00de6a4f31c20a0d533fc6d96a4596c3') in 0.028542 seconds 
  Import took 0.031747 seconds .

========================================================================
Received Import Request.
  Time since last request: 5.586413 seconds.
  path: Assets/Prefabs/ThreeNumberCube.prefab
  artifactKey: Guid(95bd0ac4457d4674bbd65e69b7e12e21) Importer(815301076,1909f56bfc062723c751e8b465ee728b)
Start importing Assets/Prefabs/ThreeNumberCube.prefab using Guid(95bd0ac4457d4674bbd65e69b7e12e21) Importer(815301076,1909f56bfc062723c751e8b465ee728b)  -> (artifact id: '23c2c3c5499e4088061d51f9e574b668') in 0.028584 seconds 
  Import took 0.031910 seconds .

========================================================================
Received Import Request.
  Time since last request: 6.469471 seconds.
  path: Assets/Prefabs/TwoNumberCube.prefab
  artifactKey: Guid(42d802605bc82fc46b42e320c0bc15f3) Importer(815301076,1909f56bfc062723c751e8b465ee728b)
Start importing Assets/Prefabs/TwoNumberCube.prefab using Guid(42d802605bc82fc46b42e320c0bc15f3) Importer(815301076,1909f56bfc062723c751e8b465ee728b)  -> (artifact id: 'c395f30632a36d8f405630532c659eb5') in 0.027168 seconds 
  Import took 0.030476 seconds .

========================================================================
Received Import Request.
  Time since last request: 4.266542 seconds.
  path: Assets/Prefabs/TwoNumberCube.prefab
  artifactKey: Guid(42d802605bc82fc46b42e320c0bc15f3) Importer(815301076,1909f56bfc062723c751e8b465ee728b)
Start importing Assets/Prefabs/TwoNumberCube.prefab using Guid(42d802605bc82fc46b42e320c0bc15f3) Importer(815301076,1909f56bfc062723c751e8b465ee728b)  -> (artifact id: '9a283ed6a8847d9c0bcb7bdf728f185e') in 0.027278 seconds 
  Import took 0.030618 seconds .

========================================================================
Received Prepare
Registering precompiled user dll's ...
Registered in 0.004723 seconds.
Begin MonoManager ReloadAssembly
Native extension for WindowsStandalone target not found
Refreshing native plugins compatible for Editor in 0.41 ms, found 3 plugins.
Preloading 0 native plugins for Editor in 0.00 ms.
Mono: successfully reloaded assembly
- Completed reload, in  0.999 seconds
Platform modules already initialized, skipping
Switching build target platform(19) subTarget(0) extendedPlatform(0) -> platform(13) subTarget(537395200) extendedPlatform(0)
Refreshing native plugins compatible for Editor in 0.40 ms, found 3 plugins.
Preloading 0 native plugins for Editor in 0.00 ms.
Unloading 2085 Unused Serialized files (Serialized files now loaded: 0)
System memory in use before: 96.9 MB.
System memory in use after: 96.9 MB.

Unloading 21 unused Assets to reduce memory usage. Loaded Objects now: 2568.
Total: 1.909800 ms (FindLiveObjects: 0.154100 ms CreateObjectMapping: 0.077000 ms MarkObjects: 1.586500 ms  DeleteObjects: 0.091400 ms)

AssetImportParameters requested are different than current active one (requested -> active):
  custom:framework-win-MediaFoundation: 216162199b28c13a410421893ffa2e32 -> 
  custom:video-decoder-ogg-theora: a1e56fd34408186e4bbccfd4996cb3dc -> 
  custom:container-muxer-webm: aa71ff27fc2769a1b78a27578f13a17b -> 
  custom:container-demuxer-webm: 4f35f7cbe854078d1ac9338744f61a02 -> 
  custom:container-demuxer-ogg: 62fdf1f143b41e24485cea50d1cbac27 -> 
  custom:video-encoder-webm-vp8: eb34c28f22e8b96e1ab97ce403110664 -> 
  custom:video-decoder-webm-vp8: 9c59270c3fd7afecdb556c50c9e8de78 -> 
  custom:graphics/normal-map-encoding: 01000000000000000000000000000000 -> 02000000000000000000000000000000
  custom:audio-decoder-ogg-vorbis: bf7c407c2cedff20999df2af8eb42d56 -> 
  custom:audio-encoder-webm-vorbis: bf7c407c2cedff20999df2af8eb42d56 -> 
========================================================================
Received Prepare
Registering precompiled user dll's ...
Registered in 0.005157 seconds.
Begin MonoManager ReloadAssembly
Native extension for WindowsStandalone target not found
Refreshing native plugins compatible for Editor in 0.41 ms, found 3 plugins.
Preloading 0 native plugins for Editor in 0.00 ms.
Mono: successfully reloaded assembly
- Completed reload, in  1.069 seconds
Platform modules already initialized, skipping
Switching build target platform(19) subTarget(0) extendedPlatform(0) -> platform(13) subTarget(537395200) extendedPlatform(0)
Refreshing native plugins compatible for Editor in 0.41 ms, found 3 plugins.
Preloading 0 native plugins for Editor in 0.00 ms.
Unloading 2085 Unused Serialized files (Serialized files now loaded: 0)
System memory in use before: 96.9 MB.
System memory in use after: 96.9 MB.

Unloading 21 unused Assets to reduce memory usage. Loaded Objects now: 2572.
Total: 2.221800 ms (FindLiveObjects: 0.175900 ms CreateObjectMapping: 0.075700 ms MarkObjects: 1.868500 ms  DeleteObjects: 0.100700 ms)

AssetImportParameters requested are different than current active one (requested -> active):
  custom:framework-win-MediaFoundation: 216162199b28c13a410421893ffa2e32 -> 
  custom:video-decoder-ogg-theora: a1e56fd34408186e4bbccfd4996cb3dc -> 
  custom:container-muxer-webm: aa71ff27fc2769a1b78a27578f13a17b -> 
  custom:container-demuxer-webm: 4f35f7cbe854078d1ac9338744f61a02 -> 
  custom:container-demuxer-ogg: 62fdf1f143b41e24485cea50d1cbac27 -> 
  custom:video-encoder-webm-vp8: eb34c28f22e8b96e1ab97ce403110664 -> 
  custom:video-decoder-webm-vp8: 9c59270c3fd7afecdb556c50c9e8de78 -> 
  custom:graphics/normal-map-encoding: 01000000000000000000000000000000 -> 02000000000000000000000000000000
  custom:audio-decoder-ogg-vorbis: bf7c407c2cedff20999df2af8eb42d56 -> 
  custom:audio-encoder-webm-vorbis: bf7c407c2cedff20999df2af8eb42d56 -> 
========================================================================
Received Import Request.
  Time since last request: 81.413354 seconds.
  path: Assets/Sprites/Cubes/3D/Cube_Black.psd
  artifactKey: Guid(5cbf1f710cde6fa46a87770c526432a0) Importer(815301076,1909f56bfc062723c751e8b465ee728b)
Start importing Assets/Sprites/Cubes/3D/Cube_Black.psd using Guid(5cbf1f710cde6fa46a87770c526432a0) Importer(815301076,1909f56bfc062723c751e8b465ee728b)  -> (artifact id: 'f8422cb006f732ba75cd5d36fc910d7a') in 0.045872 seconds 
  Import took 0.049225 seconds .

========================================================================
Received Import Request.
  Time since last request: 0.000379 seconds.
  path: Assets/Sprites/Cubes/3D/Cube_LightBlue.psd
  artifactKey: Guid(76556886649bbca4dba5118f1c87ef9d) Importer(815301076,1909f56bfc062723c751e8b465ee728b)
Start importing Assets/Sprites/Cubes/3D/Cube_LightBlue.psd using Guid(76556886649bbca4dba5118f1c87ef9d) Importer(815301076,1909f56bfc062723c751e8b465ee728b)  -> (artifact id: '66deb7d49983fcb93a76b78bb898ce70') in 0.007181 seconds 
  Import took 0.010290 seconds .

========================================================================
Received Import Request.
  Time since last request: 0.000246 seconds.
  path: Assets/Sprites/Cubes/3D/Cube_Yellow.psd
  artifactKey: Guid(b50cbb18d991a4d47a1bc78dc269d425) Importer(815301076,1909f56bfc062723c751e8b465ee728b)
Start importing Assets/Sprites/Cubes/3D/Cube_Yellow.psd using Guid(b50cbb18d991a4d47a1bc78dc269d425) Importer(815301076,1909f56bfc062723c751e8b465ee728b)  -> (artifact id: '69466a6b5bf43f70ab4ae9356700c4a2') in 0.007011 seconds 
  Import took 0.009944 seconds .

========================================================================
Received Import Request.
  Time since last request: 0.000264 seconds.
  path: Assets/Sprites/Cubes/3D/Cube_Purple.psd
  artifactKey: Guid(7ddcabd716ecf9f41abe431e96a1f541) Importer(815301076,1909f56bfc062723c751e8b465ee728b)
Start importing Assets/Sprites/Cubes/3D/Cube_Purple.psd using Guid(7ddcabd716ecf9f41abe431e96a1f541) Importer(815301076,1909f56bfc062723c751e8b465ee728b)  -> (artifact id: '27d1f1ff743bf3a5d1898f1caaaa27d0') in 0.006987 seconds 
  Import took 0.009982 seconds .

========================================================================
Received Import Request.
  Time since last request: 0.000230 seconds.
  path: Assets/Sprites/Cubes/3D/Cube_Green.psd
  artifactKey: Guid(dbee1a7cfef4b2348b8eac602f652d0d) Importer(815301076,1909f56bfc062723c751e8b465ee728b)
Start importing Assets/Sprites/Cubes/3D/Cube_Green.psd using Guid(dbee1a7cfef4b2348b8eac602f652d0d) Importer(815301076,1909f56bfc062723c751e8b465ee728b)  -> (artifact id: '648cd15187bfec6babb56dc56245604e') in 0.006322 seconds 
  Import took 0.009215 seconds .

========================================================================
Received Import Request.
  Time since last request: 0.000232 seconds.
  path: Assets/Sprites/Cubes/3D/Cube_LightPurple.psd
  artifactKey: Guid(65c9a5abf4e93b34a99b961d5935d92b) Importer(815301076,1909f56bfc062723c751e8b465ee728b)
Start importing Assets/Sprites/Cubes/3D/Cube_LightPurple.psd using Guid(65c9a5abf4e93b34a99b961d5935d92b) Importer(815301076,1909f56bfc062723c751e8b465ee728b)  -> (artifact id: '671b69f6b6b1f9587a06e5de997386b8') in 0.007342 seconds 
  Import took 0.010453 seconds .

========================================================================
Received Import Request.
  Time since last request: 0.000312 seconds.
  path: Assets/Sprites/Cubes/3D/Cube_DarkPurple.psd
  artifactKey: Guid(33f162294be7a614281a11b558fe93ee) Importer(815301076,1909f56bfc062723c751e8b465ee728b)
Start importing Assets/Sprites/Cubes/3D/Cube_DarkPurple.psd using Guid(33f162294be7a614281a11b558fe93ee) Importer(815301076,1909f56bfc062723c751e8b465ee728b)  -> (artifact id: '85fa31410adc49e310991d51dcda227f') in 0.007900 seconds 
  Import took 0.010896 seconds .

========================================================================
Received Import Request.
  Time since last request: 0.000333 seconds.
  path: Assets/Sprites/Cubes/3D/Cube_DarkBlue.psd
  artifactKey: Guid(17218d41264b18442b5acf1781746583) Importer(815301076,1909f56bfc062723c751e8b465ee728b)
Start importing Assets/Sprites/Cubes/3D/Cube_DarkBlue.psd using Guid(17218d41264b18442b5acf1781746583) Importer(815301076,1909f56bfc062723c751e8b465ee728b)  -> (artifact id: '6616500e5d67ba25ebea77ad46093d6d') in 0.006188 seconds 
  Import took 0.009156 seconds .

========================================================================
Received Import Request.
  Time since last request: 0.000263 seconds.
  path: Assets/Sprites/Cubes/3D/Cube_Red.psd
  artifactKey: Guid(37665eaa32c489b418e32756dc2b7c02) Importer(815301076,1909f56bfc062723c751e8b465ee728b)
Start importing Assets/Sprites/Cubes/3D/Cube_Red.psd using Guid(37665eaa32c489b418e32756dc2b7c02) Importer(815301076,1909f56bfc062723c751e8b465ee728b)  -> (artifact id: 'c05c3793f8c74d04b6326daad56fea99') in 0.006788 seconds 
  Import took 0.009789 seconds .

========================================================================
Received Import Request.
  Time since last request: 0.000261 seconds.
  path: Assets/Sprites/Cubes/3D/Cube_Grey.psd
  artifactKey: Guid(1b67aff92ad7f684ea48fe392d525b34) Importer(815301076,1909f56bfc062723c751e8b465ee728b)
Start importing Assets/Sprites/Cubes/3D/Cube_Grey.psd using Guid(1b67aff92ad7f684ea48fe392d525b34) Importer(815301076,1909f56bfc062723c751e8b465ee728b)  -> (artifact id: 'a623385e9b4560a12855fe289d70558c') in 0.007531 seconds 
  Import took 0.010636 seconds .

========================================================================
Received Prepare
Registering precompiled user dll's ...
Registered in 0.017644 seconds.
Begin MonoManager ReloadAssembly
Native extension for WindowsStandalone target not found
Refreshing native plugins compatible for Editor in 0.51 ms, found 3 plugins.
Preloading 0 native plugins for Editor in 0.00 ms.
Mono: successfully reloaded assembly
- Completed reload, in  1.028 seconds
Platform modules already initialized, skipping
Switching build target platform(19) subTarget(0) extendedPlatform(0) -> platform(13) subTarget(537395200) extendedPlatform(0)
Refreshing native plugins compatible for Editor in 0.42 ms, found 3 plugins.
Preloading 0 native plugins for Editor in 0.00 ms.
Unloading 2085 Unused Serialized files (Serialized files now loaded: 0)
System memory in use before: 97.0 MB.
System memory in use after: 96.9 MB.

Unloading 21 unused Assets to reduce memory usage. Loaded Objects now: 2577.
Total: 2.226400 ms (FindLiveObjects: 0.174600 ms CreateObjectMapping: 0.075300 ms MarkObjects: 1.862300 ms  DeleteObjects: 0.108400 ms)

AssetImportParameters requested are different than current active one (requested -> active):
  custom:framework-win-MediaFoundation: 216162199b28c13a410421893ffa2e32 -> 
  custom:video-decoder-ogg-theora: a1e56fd34408186e4bbccfd4996cb3dc -> 
  custom:container-muxer-webm: aa71ff27fc2769a1b78a27578f13a17b -> 
  custom:container-demuxer-webm: 4f35f7cbe854078d1ac9338744f61a02 -> 
  custom:container-demuxer-ogg: 62fdf1f143b41e24485cea50d1cbac27 -> 
  custom:video-encoder-webm-vp8: eb34c28f22e8b96e1ab97ce403110664 -> 
  custom:video-decoder-webm-vp8: 9c59270c3fd7afecdb556c50c9e8de78 -> 
  custom:graphics/normal-map-encoding: 01000000000000000000000000000000 -> 02000000000000000000000000000000
  custom:audio-decoder-ogg-vorbis: bf7c407c2cedff20999df2af8eb42d56 -> 
  custom:audio-encoder-webm-vorbis: bf7c407c2cedff20999df2af8eb42d56 -> 
========================================================================
Received Prepare
Registering precompiled user dll's ...
Registered in 0.005361 seconds.
Begin MonoManager ReloadAssembly
Native extension for WindowsStandalone target not found
Refreshing native plugins compatible for Editor in 0.40 ms, found 3 plugins.
Preloading 0 native plugins for Editor in 0.00 ms.
Mono: successfully reloaded assembly
- Completed reload, in  1.013 seconds
Platform modules already initialized, skipping
Switching build target platform(19) subTarget(0) extendedPlatform(0) -> platform(13) subTarget(537395200) extendedPlatform(0)
Refreshing native plugins compatible for Editor in 0.40 ms, found 3 plugins.
Preloading 0 native plugins for Editor in 0.00 ms.
Unloading 2085 Unused Serialized files (Serialized files now loaded: 0)
System memory in use before: 97.0 MB.
System memory in use after: 97.0 MB.

Unloading 21 unused Assets to reduce memory usage. Loaded Objects now: 2581.
Total: 2.039700 ms (FindLiveObjects: 0.161700 ms CreateObjectMapping: 0.068100 ms MarkObjects: 1.712900 ms  DeleteObjects: 0.096100 ms)

AssetImportParameters requested are different than current active one (requested -> active):
  custom:framework-win-MediaFoundation: 216162199b28c13a410421893ffa2e32 -> 
  custom:video-decoder-ogg-theora: a1e56fd34408186e4bbccfd4996cb3dc -> 
  custom:container-muxer-webm: aa71ff27fc2769a1b78a27578f13a17b -> 
  custom:container-demuxer-webm: 4f35f7cbe854078d1ac9338744f61a02 -> 
  custom:container-demuxer-ogg: 62fdf1f143b41e24485cea50d1cbac27 -> 
  custom:video-encoder-webm-vp8: eb34c28f22e8b96e1ab97ce403110664 -> 
  custom:video-decoder-webm-vp8: 9c59270c3fd7afecdb556c50c9e8de78 -> 
  custom:graphics/normal-map-encoding: 01000000000000000000000000000000 -> 02000000000000000000000000000000
  custom:audio-decoder-ogg-vorbis: bf7c407c2cedff20999df2af8eb42d56 -> 
  custom:audio-encoder-webm-vorbis: bf7c407c2cedff20999df2af8eb42d56 -> 
========================================================================
Received Prepare
Registering precompiled user dll's ...
Registered in 0.004957 seconds.
Begin MonoManager ReloadAssembly
Native extension for WindowsStandalone target not found
Refreshing native plugins compatible for Editor in 0.45 ms, found 3 plugins.
Preloading 0 native plugins for Editor in 0.00 ms.
Mono: successfully reloaded assembly
- Completed reload, in  1.010 seconds
Platform modules already initialized, skipping
Switching build target platform(19) subTarget(0) extendedPlatform(0) -> platform(13) subTarget(537395200) extendedPlatform(0)
Refreshing native plugins compatible for Editor in 0.41 ms, found 3 plugins.
Preloading 0 native plugins for Editor in 0.00 ms.
Unloading 2085 Unused Serialized files (Serialized files now loaded: 0)
System memory in use before: 97.0 MB.
System memory in use after: 97.0 MB.

Unloading 21 unused Assets to reduce memory usage. Loaded Objects now: 2585.
Total: 2.023600 ms (FindLiveObjects: 0.172200 ms CreateObjectMapping: 0.077500 ms MarkObjects: 1.677700 ms  DeleteObjects: 0.095300 ms)

AssetImportParameters requested are different than current active one (requested -> active):
  custom:framework-win-MediaFoundation: 216162199b28c13a410421893ffa2e32 -> 
  custom:video-decoder-ogg-theora: a1e56fd34408186e4bbccfd4996cb3dc -> 
  custom:container-muxer-webm: aa71ff27fc2769a1b78a27578f13a17b -> 
  custom:container-demuxer-webm: 4f35f7cbe854078d1ac9338744f61a02 -> 
  custom:container-demuxer-ogg: 62fdf1f143b41e24485cea50d1cbac27 -> 
  custom:video-encoder-webm-vp8: eb34c28f22e8b96e1ab97ce403110664 -> 
  custom:video-decoder-webm-vp8: 9c59270c3fd7afecdb556c50c9e8de78 -> 
  custom:graphics/normal-map-encoding: 01000000000000000000000000000000 -> 02000000000000000000000000000000
  custom:audio-decoder-ogg-vorbis: bf7c407c2cedff20999df2af8eb42d56 -> 
  custom:audio-encoder-webm-vorbis: bf7c407c2cedff20999df2af8eb42d56 -> 
